<?xml version="1.0" encoding="UTF-8"?>
<!-- Generated by org.testng.reporters.JUnitXMLReporter -->
<testsuite ignored="0" hostname="DESKTOP-KR7E8UK" failures="0" tests="4" name="Default test" time="11.104" errors="0" timestamp="2023-07-21T11:04:52 EDT">
  <testcase classname="dataDriven.SaveTestNGResultToExcel" name="LaunchWebsite" time="1.584"/>
  <testcase classname="dataDriven.SaveTestNGResultToExcel" name="FillLoginDetails" time="2.13"/>
  <testcase classname="dataDriven.SaveTestNGResultToExcel" name="DoLogin" time="1.882"/>
  <testcase classname="dataDriven.SaveTestNGResultToExcel" name="LogOut" time="1.363"/>
</testsuite> <!-- Default test -->
